[2019-02-27 12:30:59.1291][HYDHTC135611L][Info] Request starting HTTP/1.1 GET http://localhost:44366/api/values   
[2019-02-27 12:30:59.1291][HYDHTC135611L][Info] Request starting HTTP/1.1 DEBUG http://localhost:51501/  0 
[2019-02-27 12:30:59.3011][HYDHTC135611L][Info] Request finished in 160.967ms 200  
[2019-02-27 12:30:59.5553][HYDHTC135611L][Info] Request starting HTTP/1.1 GET http://localhost:44366/api/Users   
[2019-02-27 12:30:59.6300][HYDHTC135611L][Info] Route matched with {action = "GetUsers", controller = "Users"}. Executing action Users.Controllers.UsersController.GetUsers (Users) 
[2019-02-27 12:30:59.6300][HYDHTC135611L][Info] Route matched with {action = "Get", controller = "Values"}. Executing action Users.Controllers.ValuesController.Get (Users) 
[2019-02-27 12:30:59.7512][HYDHTC135611L][Info] Executing action method Users.Controllers.ValuesController.Get (Users) - Validation state: Valid 
[2019-02-27 12:30:59.7512][HYDHTC135611L][Info] Executing action method Users.Controllers.UsersController.GetUsers (Users) - Validation state: Valid 
[2019-02-27 12:30:59.7648][HYDHTC135611L][Info] Executed action method Users.Controllers.ValuesController.Get (Users), returned result Microsoft.AspNetCore.Mvc.ObjectResult in 0.6997ms. 
[2019-02-27 12:30:59.8006][HYDHTC135611L][Info] Executing ObjectResult, writing value of type 'System.String[]'. 
[2019-02-27 12:30:59.8321][HYDHTC135611L][Info] Start processing HTTP request GET https://localhost:44348/api/Hierarchy/GrandParent 
[2019-02-27 12:30:59.8625][HYDHTC135611L][Info] Sending HTTP request GET https://localhost:44348/api/Hierarchy/GrandParent 
[2019-02-27 12:30:59.9815][HYDHTC135611L][Info] Executed action Users.Controllers.ValuesController.Get (Users) in 311.4151ms 
[2019-02-27 12:31:00.0053][HYDHTC135611L][Info] Request finished in 882.5981ms 200 application/json; charset=utf-8 
[2019-02-27 12:31:04.6197][HYDHTC135611L][Info] Sending HTTP request GET https://localhost:44348/api/Hierarchy/GrandParent 
[2019-02-27 12:31:10.7602][HYDHTC135611L][Info] Sending HTTP request GET https://localhost:44348/api/Hierarchy/GrandParent 
[2019-02-27 12:31:20.9495][HYDHTC135611L][Info] Sending HTTP request GET https://localhost:44348/api/Hierarchy/GrandParent 
[2019-02-27 12:31:23.3024][HYDHTC135611L][Info] Executed action method Users.Controllers.UsersController.GetUsers (Users), returned result Microsoft.AspNetCore.Mvc.BadRequestObjectResult in 23544.6862ms. 
[2019-02-27 12:31:23.3139][HYDHTC135611L][Info] Executing ObjectResult, writing value of type 'Users.Helper.ResultEntity'. 
[2019-02-27 12:31:23.3378][HYDHTC135611L][Info] Executed action Users.Controllers.UsersController.GetUsers (Users) in 23699.7414ms 
[2019-02-27 12:31:23.3745][HYDHTC135611L][Info] Request finished in 23796.9531ms 400 application/json; charset=utf-8 
[2019-02-27 12:34:31.4170][HYDHTC135611L][Info] Request starting HTTP/1.1 GET http://localhost:44366/api/Users   
[2019-02-27 12:34:31.4008][HYDHTC135611L][Info] Request starting HTTP/1.1 DEBUG http://localhost:51501/  0 
[2019-02-27 12:34:31.4008][HYDHTC135611L][Info] Request starting HTTP/1.1 GET http://localhost:44366/api/values   
[2019-02-27 12:34:31.5287][HYDHTC135611L][Info] Request finished in 152.3306ms 200  
[2019-02-27 12:34:31.8445][HYDHTC135611L][Info] Route matched with {action = "GetUsers", controller = "Users"}. Executing action Users.Controllers.UsersController.GetUsers (Users) 
[2019-02-27 12:34:31.8445][HYDHTC135611L][Info] Route matched with {action = "Get", controller = "Values"}. Executing action Users.Controllers.ValuesController.Get (Users) 
[2019-02-27 12:34:31.8905][HYDHTC135611L][Info] Executing action method Users.Controllers.ValuesController.Get (Users) - Validation state: Valid 
[2019-02-27 12:34:31.8905][HYDHTC135611L][Info] Executing action method Users.Controllers.UsersController.GetUsers (Users) - Validation state: Valid 
[2019-02-27 12:34:31.9119][HYDHTC135611L][Info] Executed action method Users.Controllers.ValuesController.Get (Users), returned result Microsoft.AspNetCore.Mvc.ObjectResult in 0.7114ms. 
[2019-02-27 12:34:31.9530][HYDHTC135611L][Info] Executing ObjectResult, writing value of type 'System.String[]'. 
[2019-02-27 12:34:31.9935][HYDHTC135611L][Info] Start processing HTTP request GET https://localhost:44348/api/Hierarchy/GrandParent 
[2019-02-27 12:34:32.0400][HYDHTC135611L][Info] Sending HTTP request GET https://localhost:44348/api/Hierarchy/GrandParent 
[2019-02-27 12:34:32.0616][HYDHTC135611L][Info] Executed action Users.Controllers.ValuesController.Get (Users) in 175.569ms 
[2019-02-27 12:34:32.0897][HYDHTC135611L][Info] Request finished in 716.3924ms 200 application/json; charset=utf-8 
[2019-02-27 12:34:37.7950][HYDHTC135611L][Info] Received HTTP response after 5751.5885ms - OK 
[2019-02-27 12:34:37.8128][HYDHTC135611L][Info] End processing HTTP request after 5823.9663ms - OK 
[2019-02-27 12:34:43.3597][HYDHTC135611L][Info] Executed action method Users.Controllers.UsersController.GetUsers (Users), returned result Microsoft.AspNetCore.Mvc.OkObjectResult in 11453.2521ms. 
[2019-02-27 12:34:43.3597][HYDHTC135611L][Info] Executing ObjectResult, writing value of type 'System.Collections.Generic.List`1[[Users.Models.GrandParentModel, Users, Version=1.0.0.0, Culture=neutral, PublicKeyToken=null]]'. 
[2019-02-27 12:34:43.3808][HYDHTC135611L][Info] Executed action Users.Controllers.UsersController.GetUsers (Users) in 11516.2087ms 
[2019-02-27 12:34:43.4300][HYDHTC135611L][Info] Request finished in 11998.9087ms 200 application/json; charset=utf-8 
